<?xml version="1.0" encoding="UTF-8"?>
<testng-results ignored="0" total="0" passed="0" failed="0" skipped="0">
  <reporter-output>
  </reporter-output>
  <suite started-at="2022-04-20T21:00:48 IST" name="TestClass" finished-at="2022-04-20T21:00:48 IST" duration-ms="4">
    <groups>
    </groups>
    <test started-at="2022-04-20T21:00:48 IST" name="Command line test" finished-at="2022-04-20T21:00:48 IST" duration-ms="4">
    </test> <!-- Command line test -->
  </suite> <!-- TestClass -->
</testng-results>
